============================================================
Market Dashboard Data Fetch — 2026-05-29 01:08 UTC
============================================================
Fetching comprehensive FX rates...
  GBP (GBPUSD=X): OK (5848 rows)
  EUR (EURUSD=X): OK (5836 rows)
  AUD (AUDUSD=X): OK (5212 rows)
  JPY (USDJPY=X): OK (7670 rows)
  CNY (CNY=X): OK (6238 rows)
  INR (INR=X): OK (5833 rows)
  KRW (KRW=X): OK (5834 rows)
  TWD (TWD=X): OK (5341 rows)
  CAD (USDCAD=X): OK (5903 rows)
  BRL (USDBRL=X): OK (5418 rows)
  HKD (USDHKD=X): OK (6294 rows)
  MXN (USDMXN=X): OK (5857 rows)
  IDR (USDIDR=X): OK (6290 rows)
  RUB (USDRUB=X): OK (5727 rows)
  SAR (USDSAR=X): OK (5831 rows)
  ZAR (USDZAR=X): OK (5850 rows)
  TRY (USDTRY=X): OK (5564 rows)
  ARS (USDARS=X): OK (5924 rows)

============================================================
SIMPLE DASHBOARD (market_data)
============================================================
  Simple library loaded: 66 instruments (26 PR, 40 TR)

Fetching comp library (66 instruments)...
  [To] IWDA.L (iShares Core MSCI World UCITS ETF)...
  [To] IWFV.L (iShares MSCI World Value Factor UCITS ET)...
  [To] ILF (iShares Latin America 40 ETF)...
  [To] IWF (Russell 1000 Growth)...
  [To] QQQ (Nasdaq 100)...
  [To] SPY (S&P 500)...
  [To] IWM (Russell 2000)...
  [To] XLP (S&P 500 Consumer Staples)...
  [To] XLV (S&P 500 Health Care)...
  [To] XLU (S&P 500 Utilities)...
  [To] XLI (S&P 500 Industrials)...
  [To] XLE (S&P 500 Energy)...
  [To] XLC (S&P 500 Communication Services)...
  [To] XLK (S&P 500 Information Technology)...
  [To] XLY (S&P 500 Consumer Discretionary)...
  [To] XLB (S&P 500 Materials)...
  [To] XLF (S&P 500 Financials)...
  [To] XLRE (S&P 500 Real Estate)...
  [To] ISF.L (FTSE 100)...
  [To] VMID.L (FTSE 250)...
  [To] EXS1.DE (DAX 40)...
  [To] FEZ (Euro Stoxx 50)...
  [To] EWJ (iShares MSCI Japan ETF)...
  [To] 1321.T (Nikkei 225)...
  [To] VFEM.L (Vanguard FTSE Emerging Markets UCITS ETF)...
  [To] NDIA.L (iShares India 50 ETF)...
  [To] AAXJ (iShares MSCI All Country Asia ex Japan E)...
  [To] EWY (iShares MSCI South Korea ETF)...
  [To] EWT (iShares MSCI Taiwan ETF)...
  [Pr] 000001.SS (Shanghai Composite)...
  [Pr] 399001.SZ (Shenzhen Composite)...
  [To] NIFTYBEES.NS (Nifty 50)...
  [Pr] ^BSESN (S&P BSE Sensex)...
  [To] AGGG.L (iShares Core Global Aggregate Bond UCITS)...
  [To] IGOV (iShares International Treasury Bond ETF)...
  [To] IGLS.L (iShares UK Short Duration Gilt UCITS ETF)...
  [To] IGLT.L (iShares Core UK Gilts UCITS ETF)...
  [To] VDET.L (Vanguard USD EM Government Bond UCITS ET)...
  [To] SLXX.L (iShares Core GBP Corporate Bond UCITS ET)...
  [To] IHYU.L (iShares USD High Yield Corp Bond UCITS E)...
  [To] EXX6.DE (ICE BofA Germany Government Bond Index ()...
  [To] CNYB.L (iShares China CNY Bond UCITS ETF)...
  [Pr] ^TNX (US 10-Year Treasury Yield)...
  [Pr] ^IRX (US 3-Month Treasury Yield)...
  [Pr] ^TYX (US 30-Year Treasury Yield)...
  [Pr] ^FVX (US 5-Year Treasury Yield)...
  [Pr] DX-Y.NYB (DXY Dollar Index)...
  [Pr] EURUSD=X (EUR/USD)...
  [Pr] GBPUSD=X (GBP/USD)...
  [Pr] CNY=X (USD/CNY)...
  [Pr] INR=X (USD/INR)...
  [Pr] USDJPY=X (USD/JPY)...
  [Pr] KRW=X (USD/KRW)...
  [Pr] TWD=X (USD/TWD)...
  [Pr] BZ=F (Brent Crude Oil)...
  [Pr] CL=F (WTI Crude Oil)...
  [Pr] GC=F (Gold)...
  [Pr] SI=F (Silver)...
  [Pr] ALI=F (Aluminium)...
  [Pr] HG=F (Copper)...
  [Pr] KC=F (Coffee (Arabica))...
  [Pr] CT=F (Cotton No. 2)...
  [To] CMOD.L (L&G All Commodities UCITS ETF)...
  [Pr] BTC-USD (Bitcoin)...
  [Pr] ETH-USD (Ethereum)...
  [Pr] ^VIX (CBOE VIX Volatility Index)...

Fetching simple FRED series (4 rows)...
  IRLTLT01GBM156N (UK 10-Year Gilt Yield)...
  [FRED IRLTLT01GBM156N] attempt 1 failed: 504 Server Error: Gateway Time-out for url: https://api.stlouisfed.org/fred/series/observations?series_id=IRLTLT01GBM156N&api_key=b203d276c6e5d6225d7735e62d4ea88e&file_type=json&sort_order=asc&observation_start=2000-01-01
  [FRED IRLTLT01GBM156N] attempt 2 failed: 504 Server Error: Gateway Time-out for url: https://api.stlouisfed.org/fred/series/observations?series_id=IRLTLT01GBM156N&api_key=b203d276c6e5d6225d7735e62d4ea88e&file_type=json&sort_order=asc&observation_start=2000-01-01
  [FRED IRLTLT01GBM156N] attempt 3 failed: HTTPSConnectionPool(host='api.stlouisfed.org', port=443): Read timed out. (read timeout=15)
  IRLTLT01DEM156N (Germany 10-Year Bund Yield)...
  [FRED IRLTLT01DEM156N] attempt 1 failed: 504 Server Error: Gateway Time-out for url: https://api.stlouisfed.org/fred/series/observations?series_id=IRLTLT01DEM156N&api_key=b203d276c6e5d6225d7735e62d4ea88e&file_type=json&sort_order=asc&observation_start=2000-01-01
  [FRED IRLTLT01DEM156N] attempt 2 failed: 504 Server Error: Gateway Time-out for url: https://api.stlouisfed.org/fred/series/observations?series_id=IRLTLT01DEM156N&api_key=b203d276c6e5d6225d7735e62d4ea88e&file_type=json&sort_order=asc&observation_start=2000-01-01
  [FRED IRLTLT01DEM156N] attempt 3 failed: HTTPSConnectionPool(host='api.stlouisfed.org', port=443): Read timed out. (read timeout=15)
  IRLTLT01JPM156N (Japan 10-Year JGB Yield)...
  [FRED IRLTLT01JPM156N] attempt 1 failed: 504 Server Error: Gateway Time-out for url: https://api.stlouisfed.org/fred/series/observations?series_id=IRLTLT01JPM156N&api_key=b203d276c6e5d6225d7735e62d4ea88e&file_type=json&sort_order=asc&observation_start=2000-01-01
  [FRED IRLTLT01JPM156N] attempt 2 failed: 504 Server Error: Gateway Time-out for url: https://api.stlouisfed.org/fred/series/observations?series_id=IRLTLT01JPM156N&api_key=b203d276c6e5d6225d7735e62d4ea88e&file_type=json&sort_order=asc&observation_start=2000-01-01
  [FRED IRLTLT01JPM156N] attempt 3 failed: 504 Server Error: Gateway Time-out for url: https://api.stlouisfed.org/fred/series/observations?series_id=IRLTLT01JPM156N&api_key=b203d276c6e5d6225d7735e62d4ea88e&file_type=json&sort_order=asc&observation_start=2000-01-01
  DGS2 (US 2-Year Treasury Yield)...
  [FRED DGS2] attempt 1 failed: 504 Server Error: Gateway Time-out for url: https://api.stlouisfed.org/fred/series/observations?series_id=DGS2&api_key=b203d276c6e5d6225d7735e62d4ea88e&file_type=json&sort_order=asc&observation_start=2000-01-01
  [FRED DGS2] attempt 2 failed: 504 Server Error: Gateway Time-out for url: https://api.stlouisfed.org/fred/series/observations?series_id=DGS2&api_key=b203d276c6e5d6225d7735e62d4ea88e&file_type=json&sort_order=asc&observation_start=2000-01-01
  [FRED DGS2] attempt 3 failed: HTTPSConnectionPool(host='api.stlouisfed.org', port=443): Read timed out. (read timeout=15)

✓ Saved data/market_data.csv — 70 instruments

============================================================
COMPREHENSIVE LIBRARY (market_data_comp)
============================================================
  Library loaded: 329 unique instruments (187 PR, 142 TR)

Fetching comp library (329 instruments)...
  [To] IWDA.L (iShares Core MSCI World UCITS ETF)...
  [To] ACWI (iShares MSCI ACWI ETF)...
  [To] URTH (iShares MSCI World ETF)...
  [To] WSML.L (iShares MSCI World Small Cap UCITS ETF)...
  [Pr] KXI (iShares Global Consumer Staples ETF)...
  [Pr] IXJ (iShares Global Healthcare ETF)...
  [Pr] JXI (iShares Global Utilities ETF)...
  [Pr] EXI (iShares Global Industrials ETF)...
  [Pr] IXC (iShares Global Energy ETF)...
  [Pr] IXN (iShares Global Tech ETF)...
  [Pr] RXI (iShares Global Consumer Discretionary ET)...
  [Pr] IXG (iShares Global Financials ETF)...
  [Pr] REET (iShares Global REIT ETF)...
  [Pr] MXI (iShares Global Materials ETF)...
  [To] ZPRG.DE (SPDR S&P Global Dividend Aristocrats UCI)...
  [To] IWVL.L (iShares MSCI World Value Factor UCITS ET)...
  [To] IWFV.L (iShares MSCI World Value Factor UCITS ET)...
  [To] ACWV (iShares MSCI ACWI Min Vol Factor ETF)...
  [To] MINV.L (iShares MSCI World Min Vol UCITS ETF)...
  [To] IWMO.L (iShares MSCI World Momentum UCITS ETF)...
  [To] IWQU.L (iShares MSCI World Quality Factor UCITS )...
  [Pr] IXP (iShares Global Comm Services ETF)...
  [To] ILF (iShares Latin America 40 ETF)...
  [Pr] ^IXIC (NASDAQ Composite)...
  [To] QQQ (NASDAQ Composite)...
  [Pr] ^NYA (NYSE Composite)...
  [Pr] ^GSPTSE (S&P/TSX Composite)...
  [To] XIU.TO (S&P/TSX Composite)...
  [Pr] ^RLV (Russell 1000 Value)...
  [To] IWD (Russell 1000 Value)...
  [To] IVE (S&P 500 Value)...
  [Pr] ^RLG (Russell 1000 Growth)...
  [To] IWF (Russell 1000 Growth)...
  [To] IVW (S&P 500 Growth)...
  [Pr] ^DJI (Dow Jones Industrial Average)...
  [To] DIA (Dow Jones Industrial Average)...
  [Pr] ^NDX (Nasdaq 100)...
  [Pr] ^RUI (Russell 1000)...
  [To] IWB (Russell 1000)...
  [Pr] ^GSPC (S&P 500)...
  [To] SPY (S&P 500)...
  [Pr] ^SPXEW (S&P 500 Equal Weight Index)...
  [To] RSP (S&P 500 Equal Weight Index)...
  [To] IWS (Russell Midcap Value Index)...
  [To] IWP (Russell Midcap Growth Index)...
  [Pr] ^MID (S&P MidCap 400)...
  [To] MDY (S&P MidCap 400)...
  [To] SCZ (iShares MSCI EAFE Small-Cap ETF)...
  [Pr] ^RUJ (Russell 2000 Value)...
  [To] IWN (Russell 2000 Value)...
  [Pr] ^RUO (Russell 2000 Growth)...
  [To] IWO (Russell 2000 Growth)...
  [Pr] ^RUT (Russell 2000)...
  [To] IWM (Russell 2000)...
  [Pr] ^SP600 (S&P SmallCap 600)...
  [To] IJR (S&P SmallCap 600)...
  [To] XCS.TO (S&P/TSX SmallCap)...
  [Pr] ^SP500-30 (S&P 500 Consumer Staples)...
  [To] XLP (S&P 500 Consumer Staples)...
  [Pr] ^SP500-35 (S&P 500 Health Care)...
  [To] XLV (S&P 500 Health Care)...
  [Pr] ^SP500-55 (S&P 500 Utilities)...
  [To] XLU (S&P 500 Utilities)...
  [Pr] ^SP500-20 (S&P 500 Industrials)...
  [To] XLI (S&P 500 Industrials)...
  [Pr] ^GSPE (S&P 500 Energy)...
  [To] XLE (S&P 500 Energy)...
  [Pr] ^SP500-50 (S&P 500 Communication Services)...
  [To] XLC (S&P 500 Communication Services)...
  [Pr] ^SP500-45 (S&P 500 Information Technology)...
  [To] XLK (S&P 500 Information Technology)...
  [Pr] ^SP500-25 (S&P 500 Consumer Discretionary)...
  [To] XLY (S&P 500 Consumer Discretionary)...
  [Pr] ^SP500-15 (S&P 500 Materials)...
  [To] XLB (S&P 500 Materials)...
  [Pr] ^SP500-40 (S&P 500 Financials)...
  [To] XLF (S&P 500 Financials)...
  [Pr] ^SP500-60 (S&P 500 Real Estate)...
  [To] XLRE (S&P 500 Real Estate)...
  [Pr] ^SP500-2010 (S&P 500 Capital Goods)...
  [Pr] ^SP500-2020 (S&P 500 Commercial & Professional Servic)...
  [Pr] ^SP500-2030 (S&P 500 Transportation)...
  [Pr] ^SP500-2510 (S&P 500 Automobiles & Components)...
  [Pr] ^SP500-2520 (S&P 500 Consumer Durables & Apparel)...
  [Pr] ^SP500-2530 (S&P 500 Consumer Services)...
  [Pr] ^SP500-2550 (S&P 500 Consumer Discretionary Distribut)...
  [Pr] ^SP500-3010 (S&P 500 Food & Staples Retailing)...
  [Pr] ^SP500-3020 (S&P 500 Food Beverage & Tobacco)...
  [Pr] ^SP500-3030 (S&P 500 Household & Personal Products)...
  [Pr] ^SP500-3510 (S&P 500 Health Care Equipment & Services)...
  [Pr] ^SP500-3520 (S&P 500 Pharma Biotech & Life Sciences)...
  [Pr] ^SP500-4010 (S&P 500 Banks)...
  [Pr] ^SP500-4020 (S&P 500 Financial Services)...
  [Pr] ^SP500-4030 (S&P 500 Insurance)...
  [Pr] ^SP500-4510 (S&P 500 Software & Services)...
  [Pr] ^SP500-4520 (S&P 500 Technology Hardware & Equipment)...
  [Pr] ^SP500-4530 (S&P 500 Semiconductors & Equipment)...
  [Pr] ^SP500-5010 (S&P 500 Telecommunication Services)...
  [Pr] ^SP500-5020 (S&P 500 Media & Entertainment)...
  [Pr] ^SP500-101010 (S&P 500 Energy Equipment & Serv)...
  [Pr] ^SP500-101020 (S&P 500 Oil, Gas & Consumable F)...
  [Pr] ^SP500-151020 (S&P 500 Construction Materials)...
  [Pr] ^SP500-151040 (S&P 500 Metals & Mining (Indust)...
  [Pr] ^SP500-151050 (S&P 500 Paper & Forest Products (Industr)...
^SP500-151050: Period 'max' is invalid, must be one of: 1d, 5d
  [Pr] ^SP500-201010 (S&P 500 Aerospace & Defense (In)...
  [Pr] ^SP500-201020 (S&P 500 Building Products (Indu)...
  [Pr] ^SP500-201030 (S&P 500 Construction & Engineer)...
  [Pr] ^SP500-201040 (S&P 500 Electrical Equipment (I)...
  [Pr] ^SP500-201050 (S&P 500 Industrial Conglomerate)...
  [Pr] ^SP500-201060 (S&P 500 Machinery (Industry))...
  [Pr] ^SP500-201070 (S&P 500 Trading Companies & Dis)...
  [Pr] ^SP500-202010 (S&P 500 - Commercial Services &)...
  [Pr] ^SP500-203010 (S&P 500 Air Freight & Logistics)...
  [Pr] ^SP500-203020 (S&P 500 Passenger Airlines (Ind)...
  [Pr] ^SP500-203040 (S&P 500 Ground Transportation ()...
  [Pr] ^SP500-251010 (S&P 500 Automobile Components ()...
  [Pr] ^SP500-251020 (S&P 500 Automobiles (Industry))...
  [Pr] ^SP500-252010 (S&P 500 Household Durables (Ind)...
  [Pr] ^SP500-252020 (S&P 500 Leisure Products (Indus)...
  [Pr] ^SP500-252030 (S&P 500 Textiles, Apparel & Lux)...
  [Pr] ^SP500-255010 (S&P 500 Distributors (Industry))...
  [Pr] ^SP500-255040 (S&P 500 Specialty Retail (Indus)...
  [Pr] ^SP500-302010 (S&P 500 Beverages (Industry))...
  [Pr] ^SP500-302020 (S&P 500 Food Products (Industry)...
  [Pr] ^SP500-302030 (S&P 500 Tobacco (Industry))...
  [Pr] ^SP500-303010 (S&P 500 Household Products (Ind)...
  [Pr] ^SP500-303020 (S&P 500 Personal Care Products)...
  [Pr] ^SP500-351010 (S&P 500 Health Care Equipment &)...
  [Pr] ^SP500-351020 (S&P 500 Health Care Providers &)...
  [Pr] ^SP500-352010 (S&P 500 - Biotechnology (Indust)...
  [Pr] ^SP500-352020 (S&P 500 - Pharmaceuticals (Indu)...
  [Pr] ^SP500-402010 (S&P 500 Financial Services (Ind)...
  [Pr] ^SP500-402020 (S&P 500 Consumer Finance (Indus)...
  [Pr] ^SP500-402030 (S&P 500 Capital Markets (Indust)...
  [Pr] ^SP500-451020 (S&P 500 IT Services (Industry))...
  [Pr] ^SP500-451030 (S&P 500 Software (Industry))...
  [Pr] ^SP500-452010 (S&P 500 Communications Equipmen)...
  [Pr] ^SP500-452030 (S&P 500 - Electronic Equipment,)...
  [Pr] ^SP500-453010 (S&P 500 Semiconductor & Semicon)...
  [Pr] ^SP500-501010 (S&P 500 Diversified Telecommuni)...
  [Pr] ^SP500-551010 (S&P 500 Electric Utilities (Ind)...
  [Pr] ^SP500-551020 (S&P 500 Gas Utilities (Industry)...
  [Pr] ^SP500-551030 (S&P 500 Multi-Utilities (Indust)...
  [To] SCHD (Schwab US Dividend Equity ETF)...
  [To] VIG (Vanguard Dividend Appreciation ETF)...
  [To] SPLV (Invesco S&P 500 Low Volatility ETF)...
  [To] USMV (iShares MSCI USA Min Vol Factor ETF)...
  [To] MTUM (iShares MSCI USA Momentum Factor ETF)...
  [To] QUAL (iShares MSCI USA Quality Factor ETF)...
  [Pr] ^FTAS (FTSE All-Share)...
  [Pr] ^FTSE (FTSE 100)...
  [To] ISF.L (FTSE 100)...
  [Pr] ^FTMC (FTSE 250)...
  [To] VMID.L (FTSE 250)...
  [Pr] ^FTSC (FTSE SmallCap)...
  [To] UKDV.L (SPDR S&P UK Dividend Aristocrats UCITS E)...
  [To] IUKD.L (iShares UK Dividend UCITS ETF)...
  [To] EZU (iShares MSCI Eurozone ETF (MSCI Europe e)...
  [Pr] ^STOXX (STOXX Europe 600)...
  [To] EXSA.DE (STOXX Europe 600)...
  [Pr] ^FCHI (CAC 40)...
  [To] C40.PA (CAC 40)...
  [Pr] ^GDAXI (DAX 40)...
  [To] EXS1.DE (DAX 40)...
  [Pr] ^STOXX50E (Euro Stoxx 50)...
  [To] FEZ (Euro Stoxx 50)...
  [Pr] ^CM100 (CAC Mid 60)...
  [Pr] ^MDAXI (MDAX)...
  [To] EXS3.DE (MDAX)...
  [Pr] ^SDAXI (SDAX)...
  [To] EXH3.DE (STOXX Europe 600 Consumer Staples)...
  [To] EXV4.DE (STOXX Europe 600 Health Care)...
  [To] EXH9.DE (STOXX Europe 600 Utilities)...
  [To] EXH4.DE (STOXX Europe 600 Industrials)...
  [To] EXH1.DE (STOXX Europe 600 Energy)...
  [To] EXV3.DE (STOXX Europe 600 Technology)...
  [To] EXI5.DE (STOXX Europe 600 Real Estate)...
  [To] EXV1.DE (STOXX Europe 600 Banks)...
  [To] EXV2.DE (STOXX Europe 600 Telecom)...
  [To] SPYW.DE (SPDR S&P Euro Dividend Aristocrats UCITS)...
  [To] EUN0.DE (iShares MSCI Europe Min Vol UCITS ETF)...
  [To] IEFM.L (iShares MSCI Europe Momentum Factor UCIT)...
  [To] IEFQ.L (iShares MSCI Europe Quality Factor UCITS)...
  [Pr] XU100.IS (Borsa Istanbul 100)...
  [Pr] XU030.IS (Borsa Istanbul 30)...
  [Pr] FTSEMIB.MI (FTSE MIB Index)...
  [To] IMIB.MI (FTSE MIB Index)...
  [Pr] ^TECDAX (TecDAX)...
  [To] DXJ (WisdomTree Japan Hedged Equity Fund)...
  [To] EWJ (iShares MSCI Japan ETF)...
  [To] 1306.T (TOPIX Index)...
  [Pr] ^N225 (Nikkei 225)...
  [To] 1321.T (Nikkei 225)...
  [To] VFEM.L (Vanguard FTSE Emerging Markets UCITS ETF)...
  [To] EEM (iShares MSCI Emerging Markets ETF)...
  [To] NDIA.L (iShares India 50 ETF)...
  [To] AAXJ (iShares MSCI All Country Asia ex Japan E)...
  [To] MCHI (iShares MSCI China ETF)...
  [To] INDA (iShares MSCI India ETF)...
  [To] EWY (iShares MSCI South Korea ETF)...
  [To] EWT (iShares MSCI Taiwan ETF)...
  [Pr] ^JKSE (Jakarta Composite (IDX Composite))...
  [Pr] 000001.SS (Shanghai Composite)...
  [Pr] 399001.SZ (Shenzhen Composite)...
  [To] FXI (iShares China Large-Cap ETF (HK))...
  [Pr] ^KS200 (KOSPI 200)...
  [To] 069500.KS (KOSPI 200)...
  [Pr] ^NSEI (Nifty 50)...
  [To] NIFTYBEES.NS (Nifty 50)...
  [Pr] ^BSESN (S&P BSE Sensex)...
  [Pr] ^CRSMID (Nifty Midcap 100)...
  [To] MID150BEES.NS (Nifty Midcap 100)...
  [To] SMALLCAP.NS (Nifty Smallcap 100)...
  [Pr] ^CNXENERGY (Nifty Energy)...
  [Pr] 000300.SS (CSI 300 Index)...
  [To] ASHR (CSI 300 Index)...
  [Pr] ^HSI (Hang Seng Index)...
  [To] 2800.HK (Hang Seng Index)...
  [Pr] ^KQ11 (KOSDAQ)...
  [Pr] ^KS11 (KOSPI)...
  [Pr] ^CNXAUTO (Nifty Auto)...
  [Pr] ^NSEBANK (Nifty Bank)...
  [Pr] ^CNXFMCG (Nifty FMCG)...
  [Pr] ^CNXIT (Nifty IT)...
  [Pr] ^CNXINFRA (Nifty Infrastructure)...
  [Pr] ^CNXMETAL (Nifty Metal)...
  [Pr] ^CNXPHARMA (Nifty Pharma)...
  [Pr] ^CNXREALTY (Nifty Realty)...
  [Pr] ^AXJO (S&P/ASX 200)...
  [To] IOZ.AX (S&P/ASX 200)...
  [Pr] ^AORD (S&P/ASX All Ordinaries)...
  [To] VAS.AX (S&P/ASX All Ordinaries)...
  [Pr] ^AXSO (S&P/ASX Small Ordinaries)...
  [To] SSO.AX (S&P/ASX Small Ordinaries)...
  [To] EIS (iShares MSCI Israel ETF)...
  [To] EZA (iShares MSCI South Africa ETF)...
  [To] TUR (iShares MSCI Turkey ETF)...
  [Pr] ^J203.JO (FTSE/JSE All Share)...
  [Pr] ^TASI.SR (Tadawul All Share Index (Saudi))...
  [Pr] ^J200.JO (FTSE/JSE Top 40)...
  [To] STX40.JO (FTSE/JSE Top 40)...
  [To] EWZ (iShares MSCI Brazil ETF)...
  [To] EWW (iShares MSCI Mexico ETF)...
  [Pr] ^BVSP (Bovespa (IBOVESPA))...
  [To] BOVA11.SA (Bovespa (IBOVESPA))...
  [Pr] ^MERV (MERVAL (Argentina))...
  [Pr] ^MXX (S&P/BMV IPC Index (Mexico))...
  [To] NAFTRAC.MX (S&P/BMV IPC Index (Mexico))...
  [Pr] ^NYFANG (NYSE FANG+ Index)...
  [To] AGGG.L (iShares Core Global Aggregate Bond UCITS)...
  [To] IGOV (iShares International Treasury Bond ETF)...
  [To] WIP (FTSE International Government Inflation-)...
  [To] HYLH.L (ICE BofA Global High Yield Bond Index (U)...
  [To] XSB.TO (ICE BofA 1-3 Year Canada Government Bond)...
  [To] SHY (ICE BofA 1-3 Year US Treasury Index)...
  [To] XLB.TO (ICE BofA 10+ Year Canada Government Bond)...
  [To] TLT (ICE BofA 10+ Year US Treasury Index)...
  [To] XGB.TO (ICE BofA Canada Government Bond Index)...
  [To] GOVT (ICE BofA US Treasury Index)...
  [To] XRB.TO (Canada Real Return Bond Index (Inflation)...
  [To] IGLS.L (ICE BofA 1-3 Year UK Gilt Index)...
  [To] IGLT.L (ICE BofA 10+ Year UK Gilt Index)...
  [To] VGOV.L (Vanguard UK Gilt UCITS ETF)...
  [To] INXG.L (ICE BofA UK Inflation-Linked Gilt Index)...
  [To] VDET.L (Vanguard USD EM Government Bond UCITS ET)...
  [To] SLXX.L (iShares Core GBP Corporate Bond UCITS ET)...
  [To] IHYU.L (iShares USD High Yield Corp Bond UCITS E)...
  [To] IBGS.L (ICE BofA 1-3 Year Euro Government Bond I)...
  [To] IBGL.L (ICE BofA 10+ Year Euro Government Bond I)...
  [To] IFRB.L (France Government Bond Index (OATs))...
  [To] IEAG.L (ICE BofA Euro Government Bond Index)...
  [To] EXX6.DE (ICE BofA Germany Government Bond Index ()...
  [To] IITB.L (Italy Government Bond Index (BTPs))...
  [To] IBGM.L (iShares Eur Govt Bond 7-10yr UCITS ETF)...
  [To] IBCI.L (ICE BofA Euro Inflation-Linked Governmen)...
  [To] IBCX.L (ICE BofA Euro Corporate Bond Index)...
  [To] HYXU (ICE BofA Euro High Yield Bond Index (USD)...
  [To] IEAC.L (iShares Core € Corp Bond UCITS ETF)...
  [To] 2561.T (ICE BofA Japan Government Bond Index)...
  [To] EMB (Argentina Government Bond Index (USD Hed)...
  [To] IAF.AX (Australia Government Bond Index)...
  [To] CNYB.L (China Government Bond Index (CGBs))...
  [To] CBON (VanEck China AMC China Bond ETF)...
  [Pr] ^TNX (US 10-Year Treasury Yield)...
  [Pr] ^IRX (US 3-Month Treasury Yield)...
  [Pr] ^TYX (US 30-Year Treasury Yield)...
  [Pr] ^FVX (US 5-Year Treasury Yield)...
  [Pr] DX-Y.NYB (DXY Dollar Index)...
  [Pr] EURUSD=X (EUR/USD)...
  [Pr] GBPUSD=X (GBP/USD)...
  [Pr] CNY=X (USD/CNY)...
  [Pr] INR=X (USD/INR)...
  [Pr] USDJPY=X (USD/JPY)...
  [Pr] KRW=X (USD/KRW)...
  [Pr] TWD=X (USD/TWD)...
  [Pr] BZ=F (Brent Crude Oil)...
  [Pr] RB=F (Gasoline (RBOB))...
  [Pr] HO=F (Heating Oil)...
  [To] DBE (Invesco DB Energy Fund)...
  [Pr] NG=F (Natural Gas (Henry Hub))...
  [Pr] CL=F (WTI Crude Oil)...
  [Pr] GC=F (Gold)...
  [To] DBP (Invesco DB Precious Metals Fund)...
  [Pr] SI=F (Silver)...
  [Pr] ALI=F (Aluminium)...
  [Pr] HG=F (Copper)...
  [To] DBB (Invesco DB Base Metals Fund)...
  [Pr] CC=F (Cocoa)...
  [Pr] KC=F (Coffee (Arabica))...
  [Pr] ZC=F (Corn)...
  [Pr] CT=F (Cotton No. 2)...
  [To] DBA (Invesco DB Agriculture Fund)...
  [Pr] LE=F (Live Cattle)...
  [Pr] ZS=F (Soybeans)...
  [Pr] SB=F (Sugar No. 11)...
  [Pr] ZW=F (Wheat)...
  [To] DBC (Invesco DB Commodity Index Fund)...
  [To] CMOD.L (L&G All Commodities UCITS ETF)...
  [Pr] BTC-USD (Bitcoin)...
  [Pr] ETH-USD (Ethereum)...
  [Pr] ^GVZ (CBOE GVZ - Gold Volatility Index)...
  [Pr] ^OVX (CBOE OVX - Crude Oil Volatility)...
  [Pr] ^SKEW (CBOE SKEW Index)...
  [Pr] ^VIX (CBOE VIX Volatility Index)...
  [Pr] ^VIX3M (CBOE VIX3M - 3-Month VIX)...
  [Pr] ^VIX9D (CBOE VIX9D - 9-Day VIX)...
  [Pr] ^VVIX (CBOE VVIX - Volatility of VIX)...
  [Pr] ^VXEFA (CBOE VXEFA - EAFE Volatility)...
  [Pr] ^MOVE (MOVE Index - Bond Volatility)...

Fetching comp FRED series (22 rows)...
  BAMLCC0A0CMTRIV (ICE BofA Global Corporate Bond Index)...
  [FRED BAMLCC0A0CMTRIV] attempt 1 failed: 504 Server Error: Gateway Time-out for url: https://api.stlouisfed.org/fred/series/observations?series_id=BAMLCC0A0CMTRIV&api_key=b203d276c6e5d6225d7735e62d4ea88e&file_type=json&sort_order=asc&observation_start=2000-01-01
  [FRED BAMLCC0A0CMTRIV] attempt 2 failed: 504 Server Error: Gateway Time-out for url: https://api.stlouisfed.org/fred/series/observations?series_id=BAMLCC0A0CMTRIV&api_key=b203d276c6e5d6225d7735e62d4ea88e&file_type=json&sort_order=asc&observation_start=2000-01-01
  [FRED BAMLCC0A0CMTRIV] attempt 3 failed: 504 Server Error: Gateway Time-out for url: https://api.stlouisfed.org/fred/series/observations?series_id=BAMLCC0A0CMTRIV&api_key=b203d276c6e5d6225d7735e62d4ea88e&file_type=json&sort_order=asc&observation_start=2000-01-01
  BAMLCC0A0CMTRIV (ICE BofA Global Corporate Bond Index (USD Hed)...
  [FRED BAMLCC0A0CMTRIV] attempt 1 failed: 504 Server Error: Gateway Time-out for url: https://api.stlouisfed.org/fred/series/observations?series_id=BAMLCC0A0CMTRIV&api_key=b203d276c6e5d6225d7735e62d4ea88e&file_type=json&sort_order=asc&observation_start=2000-01-01
  [FRED BAMLCC0A0CMTRIV] attempt 2 failed: 504 Server Error: Gateway Time-out for url: https://api.stlouisfed.org/fred/series/observations?series_id=BAMLCC0A0CMTRIV&api_key=b203d276c6e5d6225d7735e62d4ea88e&file_type=json&sort_order=asc&observation_start=2000-01-01
  [FRED BAMLCC0A0CMTRIV] attempt 3 failed: 502 Server Error: Bad Gateway for url: https://api.stlouisfed.org/fred/series/observations?series_id=BAMLCC0A0CMTRIV&api_key=b203d276c6e5d6225d7735e62d4ea88e&file_type=json&sort_order=asc&observation_start=2000-01-01
  BAMLHYH0A0HYM2TRIV (ICE BofA Global High Yield Bond Index)...
  [FRED BAMLHYH0A0HYM2TRIV] attempt 1 failed: HTTPSConnectionPool(host='api.stlouisfed.org', port=443): Read timed out. (read timeout=15)
  [FRED BAMLHYH0A0HYM2TRIV] attempt 2 failed: 504 Server Error: Gateway Time-out for url: https://api.stlouisfed.org/fred/series/observations?series_id=BAMLHYH0A0HYM2TRIV&api_key=b203d276c6e5d6225d7735e62d4ea88e&file_type=json&sort_order=asc&observation_start=2000-01-01
  [FRED BAMLHYH0A0HYM2TRIV] attempt 3 failed: 504 Server Error: Gateway Time-out for url: https://api.stlouisfed.org/fred/series/observations?series_id=BAMLHYH0A0HYM2TRIV&api_key=b203d276c6e5d6225d7735e62d4ea88e&file_type=json&sort_order=asc&observation_start=2000-01-01
  DFII10 (ICE BofA US Inflation-Linked Treasury Index ()...
  [FRED DFII10] attempt 1 failed: 504 Server Error: Gateway Time-out for url: https://api.stlouisfed.org/fred/series/observations?series_id=DFII10&api_key=b203d276c6e5d6225d7735e62d4ea88e&file_type=json&sort_order=asc&observation_start=2000-01-01
  [FRED DFII10] attempt 2 failed: 504 Server Error: Gateway Time-out for url: https://api.stlouisfed.org/fred/series/observations?series_id=DFII10&api_key=b203d276c6e5d6225d7735e62d4ea88e&file_type=json&sort_order=asc&observation_start=2000-01-01
  [FRED DFII10] attempt 3 failed: 504 Server Error: Gateway Time-out for url: https://api.stlouisfed.org/fred/series/observations?series_id=DFII10&api_key=b203d276c6e5d6225d7735e62d4ea88e&file_type=json&sort_order=asc&observation_start=2000-01-01
  BAMLC0A0CM (ICE BofA US Corporate Index)...
  [FRED BAMLC0A0CM] attempt 1 failed: 504 Server Error: Gateway Time-out for url: https://api.stlouisfed.org/fred/series/observations?series_id=BAMLC0A0CM&api_key=b203d276c6e5d6225d7735e62d4ea88e&file_type=json&sort_order=asc&observation_start=2000-01-01
  [FRED BAMLC0A0CM] attempt 2 failed: 504 Server Error: Gateway Time-out for url: https://api.stlouisfed.org/fred/series/observations?series_id=BAMLC0A0CM&api_key=b203d276c6e5d6225d7735e62d4ea88e&file_type=json&sort_order=asc&observation_start=2000-01-01
  [FRED BAMLC0A0CM] attempt 3 failed: 504 Server Error: Gateway Time-out for url: https://api.stlouisfed.org/fred/series/observations?series_id=BAMLC0A0CM&api_key=b203d276c6e5d6225d7735e62d4ea88e&file_type=json&sort_order=asc&observation_start=2000-01-01
  BAMLC0A0CM (ICE BofA US Corporate IG OAS)...
  [FRED BAMLC0A0CM] attempt 1 failed: 504 Server Error: Gateway Time-out for url: https://api.stlouisfed.org/fred/series/observations?series_id=BAMLC0A0CM&api_key=b203d276c6e5d6225d7735e62d4ea88e&file_type=json&sort_order=asc&observation_start=2000-01-01
  [FRED BAMLC0A0CM] attempt 2 failed: 504 Server Error: Gateway Time-out for url: https://api.stlouisfed.org/fred/series/observations?series_id=BAMLC0A0CM&api_key=b203d276c6e5d6225d7735e62d4ea88e&file_type=json&sort_order=asc&observation_start=2000-01-01
  [FRED BAMLC0A0CM] attempt 3 failed: HTTPSConnectionPool(host='api.stlouisfed.org', port=443): Read timed out. (read timeout=15)
  BAMLH0A0HYM2 (ICE BofA US High Yield Index)...
  [FRED BAMLH0A0HYM2] attempt 1 failed: 504 Server Error: Gateway Time-out for url: https://api.stlouisfed.org/fred/series/observations?series_id=BAMLH0A0HYM2&api_key=b203d276c6e5d6225d7735e62d4ea88e&file_type=json&sort_order=asc&observation_start=2000-01-01
  [FRED BAMLH0A0HYM2] attempt 2 failed: 504 Server Error: Gateway Time-out for url: https://api.stlouisfed.org/fred/series/observations?series_id=BAMLH0A0HYM2&api_key=b203d276c6e5d6225d7735e62d4ea88e&file_type=json&sort_order=asc&observation_start=2000-01-01
  [FRED BAMLH0A0HYM2] attempt 3 failed: 504 Server Error: Gateway Time-out for url: https://api.stlouisfed.org/fred/series/observations?series_id=BAMLH0A0HYM2&api_key=b203d276c6e5d6225d7735e62d4ea88e&file_type=json&sort_order=asc&observation_start=2000-01-01
  BAMLH0A1HYBB (ICE BofA US BB High Yield OAS)...
  [FRED BAMLH0A1HYBB] attempt 1 failed: 504 Server Error: Gateway Time-out for url: https://api.stlouisfed.org/fred/series/observations?series_id=BAMLH0A1HYBB&api_key=b203d276c6e5d6225d7735e62d4ea88e&file_type=json&sort_order=asc&observation_start=2000-01-01
  [FRED BAMLH0A1HYBB] attempt 2 failed: 504 Server Error: Gateway Time-out for url: https://api.stlouisfed.org/fred/series/observations?series_id=BAMLH0A1HYBB&api_key=b203d276c6e5d6225d7735e62d4ea88e&file_type=json&sort_order=asc&observation_start=2000-01-01
  [FRED BAMLH0A1HYBB] attempt 3 failed: 504 Server Error: Gateway Time-out for url: https://api.stlouisfed.org/fred/series/observations?series_id=BAMLH0A1HYBB&api_key=b203d276c6e5d6225d7735e62d4ea88e&file_type=json&sort_order=asc&observation_start=2000-01-01
  BAMLH0A3HYC (ICE BofA US CCC & Lower HY OAS)...
  [FRED BAMLH0A3HYC] attempt 1 failed: HTTPSConnectionPool(host='api.stlouisfed.org', port=443): Read timed out. (read timeout=15)
  [FRED BAMLH0A3HYC] attempt 2 failed: 504 Server Error: Gateway Time-out for url: https://api.stlouisfed.org/fred/series/observations?series_id=BAMLH0A3HYC&api_key=b203d276c6e5d6225d7735e62d4ea88e&file_type=json&sort_order=asc&observation_start=2000-01-01
  [FRED BAMLH0A3HYC] attempt 3 failed: 504 Server Error: Gateway Time-out for url: https://api.stlouisfed.org/fred/series/observations?series_id=BAMLH0A3HYC&api_key=b203d276c6e5d6225d7735e62d4ea88e&file_type=json&sort_order=asc&observation_start=2000-01-01
  BAMLH0A0HYM2 (ICE BofA US High Yield OAS)...
  [FRED BAMLH0A0HYM2] attempt 1 failed: 504 Server Error: Gateway Time-out for url: https://api.stlouisfed.org/fred/series/observations?series_id=BAMLH0A0HYM2&api_key=b203d276c6e5d6225d7735e62d4ea88e&file_type=json&sort_order=asc&observation_start=2000-01-01
  [FRED BAMLH0A0HYM2] attempt 2 failed: 504 Server Error: Gateway Time-out for url: https://api.stlouisfed.org/fred/series/observations?series_id=BAMLH0A0HYM2&api_key=b203d276c6e5d6225d7735e62d4ea88e&file_type=json&sort_order=asc&observation_start=2000-01-01
  [FRED BAMLH0A0HYM2] attempt 3 failed: 504 Server Error: Gateway Time-out for url: https://api.stlouisfed.org/fred/series/observations?series_id=BAMLH0A0HYM2&api_key=b203d276c6e5d6225d7735e62d4ea88e&file_type=json&sort_order=asc&observation_start=2000-01-01
  BAMLH0A2HYB (ICE BofA US Single-B High Yield OAS)...
  [FRED BAMLH0A2HYB] attempt 1 failed: 504 Server Error: Gateway Time-out for url: https://api.stlouisfed.org/fred/series/observations?series_id=BAMLH0A2HYB&api_key=b203d276c6e5d6225d7735e62d4ea88e&file_type=json&sort_order=asc&observation_start=2000-01-01
  [FRED BAMLH0A2HYB] attempt 2 failed: 504 Server Error: Gateway Time-out for url: https://api.stlouisfed.org/fred/series/observations?series_id=BAMLH0A2HYB&api_key=b203d276c6e5d6225d7735e62d4ea88e&file_type=json&sort_order=asc&observation_start=2000-01-01
  [FRED BAMLH0A2HYB] attempt 3 failed: 504 Server Error: Gateway Time-out for url: https://api.stlouisfed.org/fred/series/observations?series_id=BAMLH0A2HYB&api_key=b203d276c6e5d6225d7735e62d4ea88e&file_type=json&sort_order=asc&observation_start=2000-01-01
  BAMLC0A3CA (ICE BofA US A Corporate OAS)...
  [FRED BAMLC0A3CA] attempt 1 failed: 504 Server Error: Gateway Time-out for url: https://api.stlouisfed.org/fred/series/observations?series_id=BAMLC0A3CA&api_key=b203d276c6e5d6225d7735e62d4ea88e&file_type=json&sort_order=asc&observation_start=2000-01-01
  [FRED BAMLC0A3CA] attempt 2 failed: 504 Server Error: Gateway Time-out for url: https://api.stlouisfed.org/fred/series/observations?series_id=BAMLC0A3CA&api_key=b203d276c6e5d6225d7735e62d4ea88e&file_type=json&sort_order=asc&observation_start=2000-01-01
  [FRED BAMLC0A3CA] attempt 3 failed: 504 Server Error: Gateway Time-out for url: https://api.stlouisfed.org/fred/series/observations?series_id=BAMLC0A3CA&api_key=b203d276c6e5d6225d7735e62d4ea88e&file_type=json&sort_order=asc&observation_start=2000-01-01
  BAMLC0A2CAA (ICE BofA US AA Corporate OAS)...
  [FRED BAMLC0A2CAA] attempt 1 failed: HTTPSConnectionPool(host='api.stlouisfed.org', port=443): Read timed out. (read timeout=15)
  [FRED BAMLC0A2CAA] attempt 2 failed: 504 Server Error: Gateway Time-out for url: https://api.stlouisfed.org/fred/series/observations?series_id=BAMLC0A2CAA&api_key=b203d276c6e5d6225d7735e62d4ea88e&file_type=json&sort_order=asc&observation_start=2000-01-01
  [FRED BAMLC0A2CAA] attempt 3 failed: 504 Server Error: Gateway Time-out for url: https://api.stlouisfed.org/fred/series/observations?series_id=BAMLC0A2CAA&api_key=b203d276c6e5d6225d7735e62d4ea88e&file_type=json&sort_order=asc&observation_start=2000-01-01
  BAMLC0A1CAAA (ICE BofA US AAA Corporate OAS)...
  [FRED BAMLC0A1CAAA] attempt 1 failed: 504 Server Error: Gateway Time-out for url: https://api.stlouisfed.org/fred/series/observations?series_id=BAMLC0A1CAAA&api_key=b203d276c6e5d6225d7735e62d4ea88e&file_type=json&sort_order=asc&observation_start=2000-01-01
  [FRED BAMLC0A1CAAA] attempt 2 failed: HTTPSConnectionPool(host='api.stlouisfed.org', port=443): Read timed out. (read timeout=15)
  [FRED BAMLC0A1CAAA] attempt 3 failed: 504 Server Error: Gateway Time-out for url: https://api.stlouisfed.org/fred/series/observations?series_id=BAMLC0A1CAAA&api_key=b203d276c6e5d6225d7735e62d4ea88e&file_type=json&sort_order=asc&observation_start=2000-01-01
  BAMLC0A4CBBB (ICE BofA US BBB Corporate OAS)...
  [FRED BAMLC0A4CBBB] attempt 1 failed: 504 Server Error: Gateway Time-out for url: https://api.stlouisfed.org/fred/series/observations?series_id=BAMLC0A4CBBB&api_key=b203d276c6e5d6225d7735e62d4ea88e&file_type=json&sort_order=asc&observation_start=2000-01-01
  [FRED BAMLC0A4CBBB] attempt 2 failed: 504 Server Error: Gateway Time-out for url: https://api.stlouisfed.org/fred/series/observations?series_id=BAMLC0A4CBBB&api_key=b203d276c6e5d6225d7735e62d4ea88e&file_type=json&sort_order=asc&observation_start=2000-01-01
  [FRED BAMLC0A4CBBB] attempt 3 failed: HTTPSConnectionPool(host='api.stlouisfed.org', port=443): Read timed out. (read timeout=15)
  BAMLHE00EHYITRIV (ICE BofA Euro High Yield Bond Index)...
  [FRED BAMLHE00EHYITRIV] attempt 1 failed: HTTPSConnectionPool(host='api.stlouisfed.org', port=443): Read timed out. (read timeout=15)
  [FRED BAMLHE00EHYITRIV] attempt 2 failed: 504 Server Error: Gateway Time-out for url: https://api.stlouisfed.org/fred/series/observations?series_id=BAMLHE00EHYITRIV&api_key=b203d276c6e5d6225d7735e62d4ea88e&file_type=json&sort_order=asc&observation_start=2000-01-01
  [FRED BAMLHE00EHYITRIV] attempt 3 failed: 504 Server Error: Gateway Time-out for url: https://api.stlouisfed.org/fred/series/observations?series_id=BAMLHE00EHYITRIV&api_key=b203d276c6e5d6225d7735e62d4ea88e&file_type=json&sort_order=asc&observation_start=2000-01-01
  BAMLHE00EHYIOAS (ICE BofA Euro High Yield OAS)...
  [FRED BAMLHE00EHYIOAS] attempt 1 failed: 504 Server Error: Gateway Time-out for url: https://api.stlouisfed.org/fred/series/observations?series_id=BAMLHE00EHYIOAS&api_key=b203d276c6e5d6225d7735e62d4ea88e&file_type=json&sort_order=asc&observation_start=2000-01-01
  [FRED BAMLHE00EHYIOAS] attempt 2 failed: 504 Server Error: Gateway Time-out for url: https://api.stlouisfed.org/fred/series/observations?series_id=BAMLHE00EHYIOAS&api_key=b203d276c6e5d6225d7735e62d4ea88e&file_type=json&sort_order=asc&observation_start=2000-01-01
  [FRED BAMLHE00EHYIOAS] attempt 3 failed: 504 Server Error: Gateway Time-out for url: https://api.stlouisfed.org/fred/series/observations?series_id=BAMLHE00EHYIOAS&api_key=b203d276c6e5d6225d7735e62d4ea88e&file_type=json&sort_order=asc&observation_start=2000-01-01
  BAMLEMCBPIOAS (ICE BofA EM Corporate Plus OAS)...
  [FRED BAMLEMCBPIOAS] attempt 1 failed: HTTPSConnectionPool(host='api.stlouisfed.org', port=443): Read timed out. (read timeout=15)
  [FRED BAMLEMCBPIOAS] attempt 2 failed: 504 Server Error: Gateway Time-out for url: https://api.stlouisfed.org/fred/series/observations?series_id=BAMLEMCBPIOAS&api_key=b203d276c6e5d6225d7735e62d4ea88e&file_type=json&sort_order=asc&observation_start=2000-01-01
  [FRED BAMLEMCBPIOAS] attempt 3 failed: 504 Server Error: Gateway Time-out for url: https://api.stlouisfed.org/fred/series/observations?series_id=BAMLEMCBPIOAS&api_key=b203d276c6e5d6225d7735e62d4ea88e&file_type=json&sort_order=asc&observation_start=2000-01-01
  BAMLEMHBHYCRPIOAS (ICE BofA EM High Yield Corporate OAS)...
  [FRED BAMLEMHBHYCRPIOAS] attempt 1 failed: 504 Server Error: Gateway Time-out for url: https://api.stlouisfed.org/fred/series/observations?series_id=BAMLEMHBHYCRPIOAS&api_key=b203d276c6e5d6225d7735e62d4ea88e&file_type=json&sort_order=asc&observation_start=2000-01-01
  [FRED BAMLEMHBHYCRPIOAS] attempt 2 failed: HTTPSConnectionPool(host='api.stlouisfed.org', port=443): Read timed out. (read timeout=15)
  [FRED BAMLEMHBHYCRPIOAS] attempt 3 failed: HTTPSConnectionPool(host='api.stlouisfed.org', port=443): Read timed out. (read timeout=15)
  BAMLEMRACRPIASIAOAS (ICE BofA EM Asia Corporate OAS)...
  [FRED BAMLEMRACRPIASIAOAS] attempt 1 failed: 504 Server Error: Gateway Time-out for url: https://api.stlouisfed.org/fred/series/observations?series_id=BAMLEMRACRPIASIAOAS&api_key=b203d276c6e5d6225d7735e62d4ea88e&file_type=json&sort_order=asc&observation_start=2000-01-01
  [FRED BAMLEMRACRPIASIAOAS] attempt 2 failed: HTTPSConnectionPool(host='api.stlouisfed.org', port=443): Read timed out. (read timeout=15)
  [FRED BAMLEMRACRPIASIAOAS] attempt 3 failed: 504 Server Error: Gateway Time-out for url: https://api.stlouisfed.org/fred/series/observations?series_id=BAMLEMRACRPIASIAOAS&api_key=b203d276c6e5d6225d7735e62d4ea88e&file_type=json&sort_order=asc&observation_start=2000-01-01
  BAMLEM2BRRBBBCRPIOAS (ICE BofA EM BBB Corporate OAS)...
  [FRED BAMLEM2BRRBBBCRPIOAS] attempt 1 failed: 504 Server Error: Gateway Time-out for url: https://api.stlouisfed.org/fred/series/observations?series_id=BAMLEM2BRRBBBCRPIOAS&api_key=b203d276c6e5d6225d7735e62d4ea88e&file_type=json&sort_order=asc&observation_start=2000-01-01
  [FRED BAMLEM2BRRBBBCRPIOAS] attempt 2 failed: 504 Server Error: Gateway Time-out for url: https://api.stlouisfed.org/fred/series/observations?series_id=BAMLEM2BRRBBBCRPIOAS&api_key=b203d276c6e5d6225d7735e62d4ea88e&file_type=json&sort_order=asc&observation_start=2000-01-01
  [FRED BAMLEM2BRRBBBCRPIOAS] attempt 3 failed: 504 Server Error: Gateway Time-out for url: https://api.stlouisfed.org/fred/series/observations?series_id=BAMLEM2BRRBBBCRPIOAS&api_key=b203d276c6e5d6225d7735e62d4ea88e&file_type=json&sort_order=asc&observation_start=2000-01-01
  PIORECRUSDM (Iron Ore (World Bank Price Index))...
  [FRED PIORECRUSDM] attempt 1 failed: 504 Server Error: Gateway Time-out for url: https://api.stlouisfed.org/fred/series/observations?series_id=PIORECRUSDM&api_key=b203d276c6e5d6225d7735e62d4ea88e&file_type=json&sort_order=asc&observation_start=2000-01-01
  [FRED PIORECRUSDM] attempt 2 failed: 504 Server Error: Gateway Time-out for url: https://api.stlouisfed.org/fred/series/observations?series_id=PIORECRUSDM&api_key=b203d276c6e5d6225d7735e62d4ea88e&file_type=json&sort_order=asc&observation_start=2000-01-01
  [FRED PIORECRUSDM] attempt 3 failed: 504 Server Error: Gateway Time-out for url: https://api.stlouisfed.org/fred/series/observations?series_id=PIORECRUSDM&api_key=b203d276c6e5d6225d7735e62d4ea88e&file_type=json&sort_order=asc&observation_start=2000-01-01

✓ Saved data/market_data_comp.csv — 351 instruments

--- Comp asset class breakdown ---
Sub-Category
nan                            55
Equity Industry                44
Equity Sector                  42
Equity Broad                   34
Equity Large Cap               25
Equity Industry Group          20
Govt Bond                      20
Factor                         18
Corp HY                        12
Equity Small Cap               10
Equity Mid Cap                  9
Agriculture                     9
Credit Spread                   7
Corp IG                         6
Energy                          6
Government Inflation-Linked     5
Industrial Metals               4
Equity Large Cap (Value)        3
Equity Large Cap (Growth)       3
Precious Metals                 3
Equity Small Cap (Value)        2
Equity Small Cap (Growth)       2
Volatility                      2
Equity Mid Cap (Value)          1
Equity Mid Cap (Growth)         1
Equity Dividend                 1
Bond Aggregate                  1
Government                      1
Emerging Market Debt            1
Corporate Bond                  1
EM Bond                         1
Broad                           1
Commodity                       1

Pushing data to Google Sheets...
  ✓ Written 70 rows to 'market_data' tab
  ✓ Written 351 rows to 'market_data_comp' tab
✓ Google Sheets export complete.

✓ Completed at 2026-05-29 01:28 UTC

--- market_data asset class breakdown ---

============================================================
Comprehensive Historical Time Series Build
============================================================
Comp spine: 3,987 Fridays (1950-01-06 → 2026-05-29)
Loaded 329 yfinance instruments, 19 FRED Rates series
  Fetching comprehensive FX cache...
  Comp FX cache: 18/18 pairs loaded
  Bulk downloading 329 instruments in 4 chunks...
  Chunk 1/4 (100 tickers)...
  Chunk 2/4 (100 tickers)...
  Chunk 3/4 (100 tickers)...
  Chunk 4/4 (29 tickers)...
  Processing prices and computing USD series...
  Fetching 19 FRED Rates series...
    [1/19] BAMLCC0A0CMTRIV (ICE BofA Global Corporate Bond Index)...
  [FRED] HTTP 504 on BAMLCC0A0CMTRIV — backoff 2s (attempt 1/5)
  [FRED] HTTP 504 on BAMLCC0A0CMTRIV — backoff 4s (attempt 2/5)
  [FRED] HTTP 504 on BAMLCC0A0CMTRIV — backoff 8s (attempt 3/5)
  [FRED] HTTP 504 on BAMLCC0A0CMTRIV — backoff 16s (attempt 4/5)
  [FRED] Timeout on BAMLCC0A0CMTRIV — backoff 32s
  [FRED] All 5 attempts failed for BAMLCC0A0CMTRIV — skipping
    [2/19] BAMLHYH0A0HYM2TRIV (ICE BofA Global High Yield Bond Index)...
  [FRED] HTTP 504 on BAMLHYH0A0HYM2TRIV — backoff 2s (attempt 1/5)
  [FRED] HTTP 504 on BAMLHYH0A0HYM2TRIV — backoff 4s (attempt 2/5)
  [FRED] HTTP 504 on BAMLHYH0A0HYM2TRIV — backoff 8s (attempt 3/5)
  [FRED] Timeout on BAMLHYH0A0HYM2TRIV — backoff 16s
  [FRED] HTTP 504 on BAMLHYH0A0HYM2TRIV — backoff 32s (attempt 5/5)
  [FRED] All 5 attempts failed for BAMLHYH0A0HYM2TRIV — skipping
    [3/19] DFII10 (ICE BofA US Inflation-Linked Treasury Index (TIPS))...
  [FRED] HTTP 504 on DFII10 — backoff 2s (attempt 1/5)
  [FRED] HTTP 504 on DFII10 — backoff 4s (attempt 2/5)
  [FRED] HTTP 504 on DFII10 — backoff 8s (attempt 3/5)
  [FRED] HTTP 504 on DFII10 — backoff 16s (attempt 4/5)
  [FRED] HTTP 504 on DFII10 — backoff 32s (attempt 5/5)
  [FRED] All 5 attempts failed for DFII10 — skipping
    [4/19] BAMLC0A0CM (ICE BofA US Corporate Index)...
  [FRED] Timeout on BAMLC0A0CM — backoff 2s
  [FRED] Timeout on BAMLC0A0CM — backoff 4s
  [FRED] HTTP 504 on BAMLC0A0CM — backoff 8s (attempt 3/5)
  [FRED] HTTP 504 on BAMLC0A0CM — backoff 16s (attempt 4/5)
  [FRED] HTTP 504 on BAMLC0A0CM — backoff 32s (attempt 5/5)
  [FRED] All 5 attempts failed for BAMLC0A0CM — skipping
    [5/19] BAMLH0A0HYM2 (ICE BofA US High Yield Index)...
  [FRED] HTTP 504 on BAMLH0A0HYM2 — backoff 2s (attempt 1/5)
  [FRED] HTTP 504 on BAMLH0A0HYM2 — backoff 4s (attempt 2/5)
  [FRED] HTTP 504 on BAMLH0A0HYM2 — backoff 8s (attempt 3/5)
  [FRED] HTTP 504 on BAMLH0A0HYM2 — backoff 16s (attempt 4/5)
  [FRED] HTTP 504 on BAMLH0A0HYM2 — backoff 32s (attempt 5/5)
  [FRED] All 5 attempts failed for BAMLH0A0HYM2 — skipping
    [6/19] BAMLH0A1HYBB (ICE BofA US BB High Yield OAS)...
  [FRED] HTTP 504 on BAMLH0A1HYBB — backoff 2s (attempt 1/5)
  [FRED] HTTP 504 on BAMLH0A1HYBB — backoff 4s (attempt 2/5)
  [FRED] HTTP 504 on BAMLH0A1HYBB — backoff 8s (attempt 3/5)
  [FRED] Timeout on BAMLH0A1HYBB — backoff 16s
  [FRED] HTTP 504 on BAMLH0A1HYBB — backoff 32s (attempt 5/5)
  [FRED] All 5 attempts failed for BAMLH0A1HYBB — skipping
    [7/19] BAMLH0A3HYC (ICE BofA US CCC & Lower HY OAS)...
  [FRED] HTTP 504 on BAMLH0A3HYC — backoff 2s (attempt 1/5)
  [FRED] HTTP 504 on BAMLH0A3HYC — backoff 4s (attempt 2/5)
  [FRED] HTTP 504 on BAMLH0A3HYC — backoff 8s (attempt 3/5)
  [FRED] HTTP 504 on BAMLH0A3HYC — backoff 16s (attempt 4/5)
  [FRED] HTTP 504 on BAMLH0A3HYC — backoff 32s (attempt 5/5)
  [FRED] All 5 attempts failed for BAMLH0A3HYC — skipping
    [8/19] BAMLH0A2HYB (ICE BofA US Single-B High Yield OAS)...
  [FRED] Timeout on BAMLH0A2HYB — backoff 2s
  [FRED] HTTP 504 on BAMLH0A2HYB — backoff 4s (attempt 2/5)
  [FRED] HTTP 504 on BAMLH0A2HYB — backoff 8s (attempt 3/5)
  [FRED] HTTP 504 on BAMLH0A2HYB — backoff 16s (attempt 4/5)
  [FRED] HTTP 504 on BAMLH0A2HYB — backoff 32s (attempt 5/5)
  [FRED] All 5 attempts failed for BAMLH0A2HYB — skipping
    [9/19] BAMLC0A3CA (ICE BofA US A Corporate OAS)...
  [FRED] Timeout on BAMLC0A3CA — backoff 2s
  [FRED] HTTP 504 on BAMLC0A3CA — backoff 4s (attempt 2/5)
  [FRED] Timeout on BAMLC0A3CA — backoff 8s
  [FRED] HTTP 504 on BAMLC0A3CA — backoff 16s (attempt 4/5)
  [FRED] HTTP 504 on BAMLC0A3CA — backoff 32s (attempt 5/5)
  [FRED] All 5 attempts failed for BAMLC0A3CA — skipping
    [10/19] BAMLC0A2CAA (ICE BofA US AA Corporate OAS)...
  [FRED] HTTP 504 on BAMLC0A2CAA — backoff 2s (attempt 1/5)
  [FRED] HTTP 504 on BAMLC0A2CAA — backoff 4s (attempt 2/5)
  [FRED] Timeout on BAMLC0A2CAA — backoff 8s
  [FRED] HTTP 504 on BAMLC0A2CAA — backoff 16s (attempt 4/5)
  [FRED] HTTP 504 on BAMLC0A2CAA — backoff 32s (attempt 5/5)
  [FRED] All 5 attempts failed for BAMLC0A2CAA — skipping
    [11/19] BAMLC0A1CAAA (ICE BofA US AAA Corporate OAS)...
  [FRED] HTTP 504 on BAMLC0A1CAAA — backoff 2s (attempt 1/5)
  [FRED] Timeout on BAMLC0A1CAAA — backoff 4s
  [FRED] HTTP 504 on BAMLC0A1CAAA — backoff 8s (attempt 3/5)
  [FRED] HTTP 504 on BAMLC0A1CAAA — backoff 16s (attempt 4/5)
  [FRED] HTTP 504 on BAMLC0A1CAAA — backoff 32s (attempt 5/5)
  [FRED] All 5 attempts failed for BAMLC0A1CAAA — skipping
    [12/19] BAMLC0A4CBBB (ICE BofA US BBB Corporate OAS)...
  [FRED] HTTP 504 on BAMLC0A4CBBB — backoff 2s (attempt 1/5)
  [FRED] HTTP 504 on BAMLC0A4CBBB — backoff 4s (attempt 2/5)
  [FRED] HTTP 504 on BAMLC0A4CBBB — backoff 8s (attempt 3/5)
  [FRED] Timeout on BAMLC0A4CBBB — backoff 16s
  [FRED] HTTP 504 on BAMLC0A4CBBB — backoff 32s (attempt 5/5)
  [FRED] All 5 attempts failed for BAMLC0A4CBBB — skipping
    [13/19] BAMLHE00EHYITRIV (ICE BofA Euro High Yield Bond Index)...
  [FRED] HTTP 504 on BAMLHE00EHYITRIV — backoff 2s (attempt 1/5)
  [FRED] HTTP 504 on BAMLHE00EHYITRIV — backoff 4s (attempt 2/5)
  [FRED] HTTP 504 on BAMLHE00EHYITRIV — backoff 8s (attempt 3/5)
  [FRED] Timeout on BAMLHE00EHYITRIV — backoff 16s
  [FRED] HTTP 504 on BAMLHE00EHYITRIV — backoff 32s (attempt 5/5)
  [FRED] All 5 attempts failed for BAMLHE00EHYITRIV — skipping
    [14/19] BAMLHE00EHYIOAS (ICE BofA Euro High Yield OAS)...
  [FRED] HTTP 504 on BAMLHE00EHYIOAS — backoff 2s (attempt 1/5)
  [FRED] Timeout on BAMLHE00EHYIOAS — backoff 4s
  [FRED] HTTP 504 on BAMLHE00EHYIOAS — backoff 8s (attempt 3/5)
  [FRED] HTTP 504 on BAMLHE00EHYIOAS — backoff 16s (attempt 4/5)
  [FRED] Timeout on BAMLHE00EHYIOAS — backoff 32s
  [FRED] All 5 attempts failed for BAMLHE00EHYIOAS — skipping
    [15/19] BAMLEMCBPIOAS (ICE BofA EM Corporate Plus OAS)...
  [FRED] Timeout on BAMLEMCBPIOAS — backoff 2s
  [FRED] Timeout on BAMLEMCBPIOAS — backoff 4s
  [FRED] Timeout on BAMLEMCBPIOAS — backoff 8s
  [FRED] HTTP 504 on BAMLEMCBPIOAS — backoff 16s (attempt 4/5)
  [FRED] HTTP 504 on BAMLEMCBPIOAS — backoff 32s (attempt 5/5)
  [FRED] All 5 attempts failed for BAMLEMCBPIOAS — skipping
    [16/19] BAMLEMHBHYCRPIOAS (ICE BofA EM High Yield Corporate OAS)...
  [FRED] HTTP 504 on BAMLEMHBHYCRPIOAS — backoff 2s (attempt 1/5)
  [FRED] HTTP 504 on BAMLEMHBHYCRPIOAS — backoff 4s (attempt 2/5)
  [FRED] HTTP 504 on BAMLEMHBHYCRPIOAS — backoff 8s (attempt 3/5)
  [FRED] HTTP 504 on BAMLEMHBHYCRPIOAS — backoff 16s (attempt 4/5)
  [FRED] HTTP 504 on BAMLEMHBHYCRPIOAS — backoff 32s (attempt 5/5)
  [FRED] All 5 attempts failed for BAMLEMHBHYCRPIOAS — skipping
    [17/19] BAMLEMRACRPIASIAOAS (ICE BofA EM Asia Corporate OAS)...
  [FRED] HTTP 504 on BAMLEMRACRPIASIAOAS — backoff 2s (attempt 1/5)
  [FRED] HTTP 504 on BAMLEMRACRPIASIAOAS — backoff 4s (attempt 2/5)
  [FRED] Timeout on BAMLEMRACRPIASIAOAS — backoff 8s
  [FRED] Timeout on BAMLEMRACRPIASIAOAS — backoff 16s
  [FRED] Timeout on BAMLEMRACRPIASIAOAS — backoff 32s
  [FRED] All 5 attempts failed for BAMLEMRACRPIASIAOAS — skipping
    [18/19] BAMLEM2BRRBBBCRPIOAS (ICE BofA EM BBB Corporate OAS)...
  [FRED] Timeout on BAMLEM2BRRBBBCRPIOAS — backoff 2s
  [FRED] Timeout on BAMLEM2BRRBBBCRPIOAS — backoff 4s
  [FRED] HTTP 504 on BAMLEM2BRRBBBCRPIOAS — backoff 8s (attempt 3/5)
  [FRED] HTTP 504 on BAMLEM2BRRBBBCRPIOAS — backoff 16s (attempt 4/5)
  [FRED] HTTP 504 on BAMLEM2BRRBBBCRPIOAS — backoff 32s (attempt 5/5)
  [FRED] All 5 attempts failed for BAMLEM2BRRBBBCRPIOAS — skipping
    [19/19] PIORECRUSDM (Iron Ore (World Bank Price Index))...
  [FRED] Timeout on PIORECRUSDM — backoff 2s
  [FRED] HTTP 504 on PIORECRUSDM — backoff 4s (attempt 2/5)
  [FRED] HTTP 504 on PIORECRUSDM — backoff 8s (attempt 3/5)
  [FRED] Timeout on PIORECRUSDM — backoff 16s
  [FRED] HTTP 504 on PIORECRUSDM — backoff 32s (attempt 5/5)
  [FRED] All 5 attempts failed for PIORECRUSDM — skipping

Assembling market_data_comp_hist DataFrame...
  market_data_comp_hist: 3987 rows × 697 columns
  [market_data_comp_hist] Written 11 metadata rows + 3,987 data rows × 698 cols to data/market_data_comp_hist.csv
  [market_data_comp_hist] Written 3999 rows to 'market_data_comp_hist'

Comp historical build completed in 2467.3s

============================================================
macro_economic — Unified Economic Data Coordinator
============================================================

── macro_economic indicator index ─────────────────────────────────
  total indicators: 171
  by source:
    FRED         82
    ifo          26
    DB.nomics    13
    BoE          7
    ONS          6
    BoC          5
    ABS          5
    StatCan      4
    Bundesbank   4
    BLS          4
    OECD         3
    ECB          3
    ISTAT        3
    BoJ          2
    World Bank   1
    IMF          1
    e-Stat       1
    LBMA         1
  by concept:
    Sentiment / Survey     47
    Rates / Yields         35
    Inflation              16
    Labour                 12
    Credit / Spreads       12
    Growth                 10
    Labour Market          8
    Prices / Inflation     7
    Consumer               6
    Activity / Output      6
    External / Trade       4
    Money / Liquidity      2
    Manufacturing          2
    Housing                1
    Leading Indicators     1
    Cross-Asset            1
    FX                     1
  by cycle_timing:
    L          92
    C          52
    G          27
  single-country series:   166
  multi-country fan-outs:  5  (CLI, UNEMPLOYMENT, RATE_3M, CPI, GDP_GROWTH)
  countries referenced:    12  (AUS, CAN, CHN, DEU, EA19, FRA, GBR, GLOBAL, IND, ITA, JPN, USA)
────────────────────────────────────────────────────────────────────

  [OK] Every single-country indicator uses a canonical country code.

[Snapshot] Fetching latest observations ...
  [FRED/T10Y2Y]
  [FRED] HTTP 504 on T10Y2Y — backoff 2s (attempt 1/5)
  [FRED] HTTP 504 on T10Y2Y — backoff 4s (attempt 2/5)
  [FRED] HTTP 504 on T10Y2Y — backoff 8s (attempt 3/5)
  [FRED] HTTP 504 on T10Y2Y — backoff 16s (attempt 4/5)
  [FRED] HTTP 504 on T10Y2Y — backoff 32s (attempt 5/5)
  [FRED] All 5 attempts failed for T10Y2Y — skipping
  [FRED/T10Y3M]
  [FRED] HTTP 504 on T10Y3M — backoff 2s (attempt 1/5)
  [FRED] Timeout on T10Y3M — backoff 4s
  [FRED] HTTP 504 on T10Y3M — backoff 8s (attempt 3/5)
  [FRED] HTTP 504 on T10Y3M — backoff 16s (attempt 4/5)
  [FRED] HTTP 504 on T10Y3M — backoff 32s (attempt 5/5)
  [FRED] All 5 attempts failed for T10Y3M — skipping
  [FRED/M2SL]
  [FRED] Timeout on M2SL — backoff 2s
  [FRED] HTTP 504 on M2SL — backoff 4s (attempt 2/5)
  [FRED] Timeout on M2SL — backoff 8s
  [FRED] HTTP 504 on M2SL — backoff 16s (attempt 4/5)
  [FRED] HTTP 504 on M2SL — backoff 32s (attempt 5/5)
  [FRED] All 5 attempts failed for M2SL — skipping
  [FRED/PERMIT]
  [FRED] HTTP 504 on PERMIT — backoff 2s (attempt 1/5)
  [FRED] HTTP 504 on PERMIT — backoff 4s (attempt 2/5)
  [FRED] HTTP 504 on PERMIT — backoff 8s (attempt 3/5)
  [FRED] HTTP 504 on PERMIT — backoff 16s (attempt 4/5)
  [FRED] HTTP 504 on PERMIT — backoff 32s (attempt 5/5)
  [FRED] All 5 attempts failed for PERMIT — skipping
  [FRED/IC4WSA]
  [FRED] Timeout on IC4WSA — backoff 2s
  [FRED] HTTP 504 on IC4WSA — backoff 4s (attempt 2/5)
  [FRED] HTTP 504 on IC4WSA — backoff 8s (attempt 3/5)
  [FRED] HTTP 504 on IC4WSA — backoff 16s (attempt 4/5)
  [FRED] HTTP 504 on IC4WSA — backoff 32s (attempt 5/5)
  [FRED] All 5 attempts failed for IC4WSA — skipping
  [FRED/PAYEMS]
  [FRED] HTTP 504 on PAYEMS — backoff 2s (attempt 1/5)
  [FRED] HTTP 504 on PAYEMS — backoff 4s (attempt 2/5)
  [FRED] HTTP 504 on PAYEMS — backoff 8s (attempt 3/5)
  [FRED] HTTP 504 on PAYEMS — backoff 16s (attempt 4/5)
  [FRED] HTTP 504 on PAYEMS — backoff 32s (attempt 5/5)
  [FRED] All 5 attempts failed for PAYEMS — skipping
  [FRED/USA_UNEMPLOYMENT]
  [FRED] HTTP 504 on UNRATE — backoff 2s (attempt 1/5)
  [FRED] HTTP 504 on UNRATE — backoff 4s (attempt 2/5)
  [FRED] Timeout on UNRATE — backoff 8s
  [FRED] HTTP 504 on UNRATE — backoff 16s (attempt 4/5)
  [FRED] Timeout on UNRATE — backoff 32s
  [FRED] All 5 attempts failed for UNRATE — skipping
  [FRED/JTSJOL]
  [FRED] HTTP 504 on JTSJOL — backoff 2s (attempt 1/5)
  [FRED] Timeout on JTSJOL — backoff 4s
  [FRED] Timeout on JTSJOL — backoff 8s
  [FRED] HTTP 504 on JTSJOL — backoff 16s (attempt 4/5)
  [FRED] HTTP 504 on JTSJOL — backoff 32s (attempt 5/5)
  [FRED] All 5 attempts failed for JTSJOL — skipping
  [FRED/UNEMPLOY]
  [FRED] HTTP 504 on UNEMPLOY — backoff 2s (attempt 1/5)
  [FRED] HTTP 504 on UNEMPLOY — backoff 4s (attempt 2/5)
  [FRED] HTTP 504 on UNEMPLOY — backoff 8s (attempt 3/5)
  [FRED] HTTP 504 on UNEMPLOY — backoff 16s (attempt 4/5)
  [FRED] HTTP 504 on UNEMPLOY — backoff 32s (attempt 5/5)
  [FRED] All 5 attempts failed for UNEMPLOY — skipping
  [FRED/INDPRO]
  [FRED] Timeout on INDPRO — backoff 2s
  [FRED] HTTP 504 on INDPRO — backoff 4s (attempt 2/5)
  [FRED] HTTP 504 on INDPRO — backoff 8s (attempt 3/5)
  [FRED] HTTP 504 on INDPRO — backoff 16s (attempt 4/5)
  [FRED] HTTP 504 on INDPRO — backoff 32s (attempt 5/5)
  [FRED] All 5 attempts failed for INDPRO — skipping
  [FRED/RSXFS]
  [FRED] Timeout on RSXFS — backoff 2s
  [FRED] HTTP 504 on RSXFS — backoff 4s (attempt 2/5)
  [FRED] HTTP 504 on RSXFS — backoff 8s (attempt 3/5)
  [FRED] HTTP 504 on RSXFS — backoff 16s (attempt 4/5)
  [FRED] HTTP 504 on RSXFS — backoff 32s (attempt 5/5)
  [FRED] All 5 attempts failed for RSXFS — skipping
  [FRED/RSFSXMV]
  [FRED] HTTP 504 on RSFSXMV — backoff 2s (attempt 1/5)
  [FRED] HTTP 504 on RSFSXMV — backoff 4s (attempt 2/5)
  [FRED] Timeout on RSFSXMV — backoff 8s
  [FRED] HTTP 504 on RSFSXMV — backoff 16s (attempt 4/5)
  [FRED] HTTP 504 on RSFSXMV — backoff 32s (attempt 5/5)
  [FRED] All 5 attempts failed for RSFSXMV — skipping
  [FRED/DRTSCILM]
  [FRED] HTTP 502 on DRTSCILM — backoff 2s (attempt 1/5)
  [FRED] HTTP 504 on DRTSCILM — backoff 4s (attempt 2/5)
  [FRED] HTTP 504 on DRTSCILM — backoff 8s (attempt 3/5)
  [FRED] HTTP 504 on DRTSCILM — backoff 16s (attempt 4/5)
  [FRED] Timeout on DRTSCILM — backoff 32s
  [FRED] All 5 attempts failed for DRTSCILM — skipping
  [FRED/NFCI]
  [FRED] HTTP 504 on NFCI — backoff 2s (attempt 1/5)
  [FRED] Timeout on NFCI — backoff 4s
  [FRED] HTTP 504 on NFCI — backoff 8s (attempt 3/5)
  [FRED] HTTP 504 on NFCI — backoff 16s (attempt 4/5)
  [FRED] HTTP 504 on NFCI — backoff 32s (attempt 5/5)
  [FRED] All 5 attempts failed for NFCI — skipping
  [FRED/USA_CPI_INDEX]
  [FRED] HTTP 504 on CPIAUCSL — backoff 2s (attempt 1/5)
  [FRED] HTTP 504 on CPIAUCSL — backoff 4s (attempt 2/5)
  [FRED] HTTP 504 on CPIAUCSL — backoff 8s (attempt 3/5)
  [FRED] Timeout on CPIAUCSL — backoff 16s
  [FRED] HTTP 504 on CPIAUCSL — backoff 32s (attempt 5/5)
  [FRED] All 5 attempts failed for CPIAUCSL — skipping
  [FRED/USA_CORE_CPI_INDEX]
  [FRED] HTTP 504 on CPILFESL — backoff 2s (attempt 1/5)
  [FRED] Timeout on CPILFESL — backoff 4s
  [FRED] HTTP 504 on CPILFESL — backoff 8s (attempt 3/5)
  [FRED] HTTP 504 on CPILFESL — backoff 16s (attempt 4/5)
  [FRED] HTTP 504 on CPILFESL — backoff 32s (attempt 5/5)
  [FRED] All 5 attempts failed for CPILFESL — skipping
  [FRED/PCEPILFE]
  [FRED] HTTP 504 on PCEPILFE — backoff 2s (attempt 1/5)
  [FRED] Timeout on PCEPILFE — backoff 4s
  [FRED] Timeout on PCEPILFE — backoff 8s
  [FRED] HTTP 504 on PCEPILFE — backoff 16s (attempt 4/5)
  [FRED] Timeout on PCEPILFE — backoff 32s
  [FRED] All 5 attempts failed for PCEPILFE — skipping
  [FRED/PPIACO]
  [FRED] HTTP 504 on PPIACO — backoff 2s (attempt 1/5)
  [FRED] HTTP 504 on PPIACO — backoff 4s (attempt 2/5)
  [FRED] Timeout on PPIACO — backoff 8s
  [FRED] HTTP 504 on PPIACO — backoff 16s (attempt 4/5)
  [FRED] Timeout on PPIACO — backoff 32s
  [FRED] All 5 attempts failed for PPIACO — skipping
  [FRED/T5YIE]
  [FRED] HTTP 504 on T5YIE — backoff 2s (attempt 1/5)
  [FRED] HTTP 504 on T5YIE — backoff 4s (attempt 2/5)
  [FRED] HTTP 504 on T5YIE — backoff 8s (attempt 3/5)
  [FRED] HTTP 504 on T5YIE — backoff 16s (attempt 4/5)
  [FRED] HTTP 504 on T5YIE — backoff 32s (attempt 5/5)
  [FRED] All 5 attempts failed for T5YIE — skipping
  [FRED/T10YIE]
  [FRED] HTTP 504 on T10YIE — backoff 2s (attempt 1/5)
  [FRED] HTTP 504 on T10YIE — backoff 4s (attempt 2/5)
  [FRED] HTTP 504 on T10YIE — backoff 8s (attempt 3/5)
  [FRED] HTTP 504 on T10YIE — backoff 16s (attempt 4/5)
  [FRED] HTTP 504 on T10YIE — backoff 32s (attempt 5/5)
  [FRED] All 5 attempts failed for T10YIE — skipping
  [FRED/T5YIFR]
  [FRED] Timeout on T5YIFR — backoff 2s
  [FRED] HTTP 504 on T5YIFR — backoff 4s (attempt 2/5)
  [FRED] HTTP 504 on T5YIFR — backoff 8s (attempt 3/5)
  [FRED] HTTP 504 on T5YIFR — backoff 16s (attempt 4/5)
  [FRED] HTTP 504 on T5YIFR — backoff 32s (attempt 5/5)
  [FRED] All 5 attempts failed for T5YIFR — skipping
  [FRED/MICH]
  [FRED] HTTP 504 on MICH — backoff 2s (attempt 1/5)
  [FRED] HTTP 504 on MICH — backoff 4s (attempt 2/5)
  [FRED] HTTP 504 on MICH — backoff 8s (attempt 3/5)
  [FRED] HTTP 504 on MICH — backoff 16s (attempt 4/5)
  [FRED] Timeout on MICH — backoff 32s
  [FRED] All 5 attempts failed for MICH — skipping
  [FRED/FEDFUNDS]
  [FRED] HTTP 504 on FEDFUNDS — backoff 2s (attempt 1/5)
  [FRED] Timeout on FEDFUNDS — backoff 4s
  [FRED] HTTP 504 on FEDFUNDS — backoff 8s (attempt 3/5)
  [FRED] HTTP 504 on FEDFUNDS — backoff 16s (attempt 4/5)
  [FRED] Timeout on FEDFUNDS — backoff 32s
  [FRED] All 5 attempts failed for FEDFUNDS — skipping
  [FRED/DGS2]
  [FRED] HTTP 504 on DGS2 — backoff 2s (attempt 1/5)
  [FRED] Timeout on DGS2 — backoff 4s
  [FRED] HTTP 504 on DGS2 — backoff 8s (attempt 3/5)
  [FRED] HTTP 504 on DGS2 — backoff 16s (attempt 4/5)
  [FRED] HTTP 504 on DGS2 — backoff 32s (attempt 5/5)
  [FRED] All 5 attempts failed for DGS2 — skipping
  [FRED/DGS10]
  [FRED] HTTP 504 on DGS10 — backoff 2s (attempt 1/5)
  [FRED] HTTP 504 on DGS10 — backoff 4s (attempt 2/5)
  [FRED] Timeout on DGS10 — backoff 8s
  [FRED] HTTP 504 on DGS10 — backoff 16s (attempt 4/5)
  [FRED] Timeout on DGS10 — backoff 32s
  [FRED] All 5 attempts failed for DGS10 — skipping
  [FRED/MORTGAGE30US]
  [FRED] HTTP 504 on MORTGAGE30US — backoff 2s (attempt 1/5)
  [FRED] HTTP 504 on MORTGAGE30US — backoff 4s (attempt 2/5)
  [FRED] HTTP 504 on MORTGAGE30US — backoff 8s (attempt 3/5)
  [FRED] Timeout on MORTGAGE30US — backoff 16s
  [FRED] HTTP 504 on MORTGAGE30US — backoff 32s (attempt 5/5)
  [FRED] All 5 attempts failed for MORTGAGE30US — skipping
  [FRED/DFII10]
  [FRED] Timeout on DFII10 — backoff 2s
  [FRED] HTTP 504 on DFII10 — backoff 4s (attempt 2/5)
  [FRED] HTTP 504 on DFII10 — backoff 8s (attempt 3/5)
  [FRED] HTTP 504 on DFII10 — backoff 16s (attempt 4/5)
  [FRED] HTTP 504 on DFII10 — backoff 32s (attempt 5/5)
  [FRED] All 5 attempts failed for DFII10 — skipping
  [FRED/DFII5]
  [FRED] Timeout on DFII5 — backoff 2s
  [FRED] HTTP 504 on DFII5 — backoff 4s (attempt 2/5)
  [FRED] HTTP 504 on DFII5 — backoff 8s (attempt 3/5)
  [FRED] HTTP 504 on DFII5 — backoff 16s (attempt 4/5)
  [FRED] Timeout on DFII5 — backoff 32s
  [FRED] All 5 attempts failed for DFII5 — skipping
  [FRED/BAMLH0A0HYM2]
  [FRED] Timeout on BAMLH0A0HYM2 — backoff 2s
  [FRED] HTTP 504 on BAMLH0A0HYM2 — backoff 4s (attempt 2/5)
  [FRED] HTTP 504 on BAMLH0A0HYM2 — backoff 8s (attempt 3/5)
  [FRED] HTTP 502 on BAMLH0A0HYM2 — backoff 16s (attempt 4/5)
  [FRED] HTTP 504 on BAMLH0A0HYM2 — backoff 32s (attempt 5/5)
  [FRED] All 5 attempts failed for BAMLH0A0HYM2 — skipping
  [FRED/BAMLC0A0CM]
  [FRED] Timeout on BAMLC0A0CM — backoff 2s
  [FRED] HTTP 504 on BAMLC0A0CM — backoff 4s (attempt 2/5)
  [FRED] HTTP 504 on BAMLC0A0CM — backoff 8s (attempt 3/5)
  [FRED] Timeout on BAMLC0A0CM — backoff 16s


=== Data audit @ 2026-05-29 ===

--- Section A: Fetch outcomes (1 issues) ---
  YFINANCE_DEAD       ^SP500-151050

--- Section B: Static checks (3 issues) ---
  REGISTRY_DRIFT              hist column 'CPIAUCSL' present in macro_economic_hist.csv but no matching row in source-of-truth library (run: python library_sync.py --confirm)
  REGISTRY_DRIFT              hist column 'CPILFESL' present in macro_economic_hist.csv but no matching row in source-of-truth library (run: python library_sync.py --confirm)
  REGISTRY_DRIFT              hist column 'UNRATE' present in macro_economic_hist.csv but no matching row in source-of-truth library (run: python library_sync.py --confirm)

--- Section C: Value-change staleness (FRESH 130  STALE 26  EXPIRED 16) ---
  EXPIRED (16):
    Monthly     CHN_M2                            src=FRED         series=MYAGM2CNM189N             last_obs=2019-08-02  age=2492d     tolerance=45d
    Monthly     CHN_PPI                           src=FRED         series=CHNPIEATI01GYM            last_obs=2022-12-02  age=1274d     tolerance=45d
    Monthly     CHN_IND_PROD                      src=FRED         series=CHNPRINTO01IXPYM          last_obs=2023-11-03  age=938d      tolerance=45d
    Monthly     JPN_IND_PROD                      src=e-Stat       series=0003446463                last_obs=2024-03-01  age=819d      tolerance=45d
    Monthly     CHN_POLICY_RATE                   src=DB.nomics    series=IMF/IFS/M.CN.FPOLM_PA     last_obs=2025-06-06  age=357d      tolerance=45d
    Daily       EA_DEPOSIT_RATE                   src=ECB          series=FM/D.U2.EUR.4F.KR.DFR.LEV  last_obs=2025-06-13  age=350d      tolerance=30d*
    Monthly     ISM_SVC_PMI                       src=DB.nomics    series=ISM/nm-pmi/pm             last_obs=2025-09-05  age=266d      tolerance=60d*
    Monthly     DEU_IND_PROD                      src=DB.nomics    series=Eurostat/teiis080/M.PRD.B-D.I21_SCA.DE  last_obs=2025-12-05  age=175d      tolerance=45d
    Monthly     FEDFUNDS                          src=FRED         series=FEDFUNDS                  last_obs=2026-01-02  age=147d      tolerance=45d
    Monthly     EA_HICP                           src=DB.nomics    series=Eurostat/prc_hicp_manr/M.RCH_A.CP00.EA20  last_obs=2026-01-02  age=147d      tolerance=45d
    Monthly     EU_ESI                            src=DB.nomics    series=Eurostat/ei_bssi_m_r2/M.BS-ESI-I.SA.EA20  last_obs=2026-01-02  age=147d      tolerance=45d
    Monthly     EU_IND_CONF                       src=DB.nomics    series=Eurostat/ei_bssi_m_r2/M.BS-ICI-BAL.SA.EA20  last_obs=2026-01-02  age=147d      tolerance=45d
    Monthly     EU_SVC_CONF                       src=DB.nomics    series=Eurostat/ei_bssi_m_r2/M.BS-SCI-BAL.SA.EA20  last_obs=2026-01-02  age=147d      tolerance=45d
    Monthly     ISM_MFG_PMI                       src=DB.nomics    series=ISM/pmi/pm                last_obs=2026-01-02  age=147d      tolerance=45d
    Monthly     ISM_MFG_NEWORD                    src=DB.nomics    series=ISM/neword/in             last_obs=2026-01-02  age=147d      tolerance=45d
    Monthly     CMRMTSPL                          src=FRED         series=CMRMTSPL                  last_obs=2026-02-06  age=112d      tolerance=45d
  STALE (26):
    Quarterly   CP                                src=FRED         series=CP                        last_obs=2025-10-03  age=238d      tolerance=180d*
    Quarterly   EZ_EMPLOYMENT                     src=DB.nomics    series=Eurostat/namq_10_a10_e/Q.THS_PER.TOTAL.SCA.EMP_DC.EA20  last_obs=2025-10-03  age=238d      tolerance=180d*
    Monthly     EZ_IND_PROD                       src=DB.nomics    series=Eurostat/teiis080/M.PRD.B-D.I21_SCA.EA20  last_obs=2025-12-05  age=175d      tolerance=150d*
    Monthly     EZ_RETAIL_VOL                     src=DB.nomics    series=Eurostat/teiis260/M.VOL_SLS.G47_NFOOD_X_G473.I21_SCA.EA20  last_obs=2025-12-05  age=175d      tolerance=150d*
    Monthly     DEU_UNEMPLOYMENT                  src=OECD         series=UNEMPLOYMENT              last_obs=2026-01-02  age=147d      tolerance=75d*
    Monthly     GBR_UNEMPLOYMENT                  src=OECD         series=UNEMPLOYMENT              last_obs=2026-02-06  age=112d      tolerance=75d*
    Monthly     EA19_RATE_3M                      src=OECD         series=RATE_3M                   last_obs=2026-02-06  age=112d      tolerance=90d*
    Monthly     UNRATE                            src=FRED         series=UNRATE                    last_obs=2026-03-06  age=84d       tolerance=75d*
    Monthly     PIORECRUSDM                       src=FRED         series=PIORECRUSDM               last_obs=2026-03-06  age=84d       tolerance=75d*
    Monthly     FRA_UNEMPLOYMENT                  src=OECD         series=UNEMPLOYMENT              last_obs=2026-03-06  age=84d       tolerance=75d*
    Monthly     PERMIT                            src=FRED         series=PERMIT                    last_obs=2026-04-03  age=56d       tolerance=45d
    Daily       T10Y2Y                            src=FRED         series=T10Y2Y                    last_obs=2026-05-22  age=7d        tolerance=5d
    Daily       T10Y3M                            src=FRED         series=T10Y3M                    last_obs=2026-05-22  age=7d        tolerance=5d
    Daily       T5YIE                             src=FRED         series=T5YIE                     last_obs=2026-05-22  age=7d        tolerance=5d
    Daily       T10YIE                            src=FRED         series=T10YIE                    last_obs=2026-05-22  age=7d        tolerance=5d
    Daily       T5YIFR                            src=FRED         series=T5YIFR                    last_obs=2026-05-22  age=7d        tolerance=5d
    Daily       DGS2                              src=FRED         series=DGS2                      last_obs=2026-05-22  age=7d        tolerance=5d
    Daily       DGS10                             src=FRED         series=DGS10                     last_obs=2026-05-22  age=7d        tolerance=5d
    Daily       DFII10                            src=FRED         series=DFII10                    last_obs=2026-05-22  age=7d        tolerance=5d
    Daily       DFII5                             src=FRED         series=DFII5                     last_obs=2026-05-22  age=7d        tolerance=5d
    Daily       BAMLH0A0HYM2                      src=FRED         series=BAMLH0A0HYM2              last_obs=2026-05-22  age=7d        tolerance=5d
    Daily       BAMLC0A0CM                        src=FRED         series=BAMLC0A0CM                last_obs=2026-05-22  age=7d        tolerance=5d
    Daily       BAMLC0A0CMEY                      src=FRED         series=BAMLC0A0CMEY              last_obs=2026-05-22  age=7d        tolerance=5d
    Daily       BAMLCC0A0CMTRIV                   src=FRED         series=BAMLCC0A0CMTRIV           last_obs=2026-05-22  age=7d        tolerance=5d
    Daily       BAMLHE00EHYIOAS                   src=FRED         series=BAMLHE00EHYIOAS           last_obs=2026-05-22  age=7d        tolerance=5d
    Daily       JPN_POLICY_RATE                   src=BoJ          series=FM01'STRDCLUCON           last_obs=2026-05-22  age=7d        tolerance=5d

--- Section D: History preservation (2 issues) ---
  market_data_comp_hist.csv         live= 3987 rows (1950-01-06→2026-05-29)  sister= 3987 rows (1950-01-06→2026-05-29)  union= 3987
  macro_economic_hist.csv           live= 4144 rows (1946-12-27→2026-05-22)  sister= 4140 rows (1946-12-27→2026-04-24)  union= 4144
  macro_market_hist.csv             live= 1378 rows (2000-01-07→2026-05-29)  sister= 1374 rows (2000-01-07→2026-05-01)  union= 1378

  ALERT  macro_economic_hist.csv: sister rows are a strict subset of live (4140 ⊂ 4144) — sister may have been rewritten incorrectly
  ALERT  macro_market_hist.csv: sister rows are a strict subset of live (1374 ⊂ 1378) — sister may have been rewritten incorrectly

Footer:
  * = per-row override applied (freshness_override_days column)
  STALE   = age between 1x and 2x tolerance — investigate
  EXPIRED = age beyond 2x tolerance OR no observations — series almost certainly dead

audit_writeback: 1 dead ticker(s) reported by audit; 1 active streak(s); 0 flipped to UNAVAILABLE this run
